\BOOKMARK [1][-]{Abstract.1}{Abstract}{}% 1
\BOOKMARK [1][-]{tableofcontents.1}{Contents}{}% 2
\BOOKMARK [0][]{chapter.1}{1 Introduction}{}% 3
\BOOKMARK [1][-]{section.1.1}{1.1 The INTEGRAL Satellite}{chapter.1}% 4
\BOOKMARK [1][-]{section.1.2}{1.2 IBIS/ISGRI}{chapter.1}% 5
\BOOKMARK [1][-]{section.1.3}{1.3 Other Instruments on-board INTEGRAL}{chapter.1}% 6
\BOOKMARK [1][-]{section.1.4}{1.4 Coded Masks}{chapter.1}% 7
\BOOKMARK [0][]{chapter.2}{2 Theoretical Background}{}% 8
\BOOKMARK [1][-]{section.2.1}{2.1 X-ray Binaries}{chapter.2}% 9
\BOOKMARK [1][-]{section.2.2}{2.2 Uhuru/SAS-A}{chapter.2}% 10
\BOOKMARK [1][-]{section.2.3}{2.3 Mass Transfer and the Roche Lobe}{chapter.2}% 11
\BOOKMARK [2][-]{subsection.2.3.1}{2.3.1 High Mass X-ray Binaries}{section.2.3}% 12
\BOOKMARK [2][-]{subsection.2.3.2}{2.3.2 Low Mass X-ray Binaries}{section.2.3}% 13
\BOOKMARK [1][-]{section.2.4}{2.4 Classes of HXMB}{chapter.2}% 14
\BOOKMARK [2][-]{subsection.2.4.1}{2.4.1 SGXBs}{section.2.4}% 15
\BOOKMARK [2][-]{subsection.2.4.2}{2.4.2 BeXBs}{section.2.4}% 16
\BOOKMARK [2][-]{subsection.2.4.3}{2.4.3 SFXTs}{section.2.4}% 17
\BOOKMARK [0][]{chapter.3}{3 Methodology}{}% 18
\BOOKMARK [1][-]{section.3.1}{3.1 Project Objectives}{chapter.3}% 19
\BOOKMARK [1][-]{section.3.2}{3.2 Test Source}{chapter.3}% 20
\BOOKMARK [1][-]{section.3.3}{3.3 Aims}{chapter.3}% 21
\BOOKMARK [1][-]{section.3.4}{3.4 Reading in Data}{chapter.3}% 22
\BOOKMARK [1][-]{section.3.5}{3.5 Filtering the Data}{chapter.3}% 23
\BOOKMARK [1][-]{section.3.6}{3.6 Re-binning the Data}{chapter.3}% 24
\BOOKMARK [1][-]{section.3.7}{3.7 Finding Periodicities}{chapter.3}% 25
\BOOKMARK [2][-]{subsection.3.7.1}{3.7.1 Lomb-Scargle Method}{section.3.7}% 26
\BOOKMARK [1][-]{section.3.8}{3.8 Folding the Lightcurve}{chapter.3}% 27
\BOOKMARK [2][-]{subsection.3.8.1}{3.8.1 Phase Dispersion Method}{section.3.8}% 28
\BOOKMARK [1][-]{section.3.9}{3.9 Error calculations of the Lomb-Scargle Period}{chapter.3}% 29
